info t=2016-07-24T20:17:47.959Z Cinnamon.AppSystem.get_default() started in 409 ms
info t=2016-07-24T20:17:47.968Z loading user theme: /usr/share/themes/Linux Mint/cinnamon/cinnamon.css
info t=2016-07-24T20:17:48.006Z added icon directory: /usr/share/themes/Linux Mint/cinnamon
info t=2016-07-24T20:17:48.248Z PlacesManager: Updating devices
info t=2016-07-24T20:17:48.285Z loaded at Sun Jul 24 2016 13:17:48 GMT-0700 (PDT)
info t=2016-07-24T20:17:49.087Z Loaded applet menu@cinnamon.org in 798 ms
info t=2016-07-24T20:17:49.098Z Loaded applet show-desktop@cinnamon.org in 9 ms
info t=2016-07-24T20:17:49.147Z Role locked: panellauncher
info t=2016-07-24T20:17:49.147Z Loaded applet panel-launchers@cinnamon.org in 47 ms
info t=2016-07-24T20:17:49.158Z Updated settings file detected for window-list@cinnamon.org.  Beginning upgrade of existing settings
info t=2016-07-24T20:17:49.160Z Upgrade complete
info t=2016-07-24T20:17:49.169Z Loaded applet window-list@cinnamon.org in 21 ms
info t=2016-07-24T20:17:49.185Z Role locked: notifications
info t=2016-07-24T20:17:49.193Z Loaded applet notifications@cinnamon.org in 23 ms
info t=2016-07-24T20:17:49.239Z Loaded applet user@cinnamon.org in 45 ms
info t=2016-07-24T20:17:49.256Z Loaded applet removable-drives@cinnamon.org in 16 ms
info t=2016-07-24T20:17:49.313Z Loaded applet keyboard@cinnamon.org in 56 ms
info t=2016-07-24T20:17:49.381Z Loaded applet bluetooth@cinnamon.org in 67 ms
info t=2016-07-24T20:17:49.570Z Loaded applet network@cinnamon.org in 188 ms
info t=2016-07-24T20:17:49.640Z Loaded applet sound@cinnamon.org in 69 ms
info t=2016-07-24T20:17:49.649Z Updated settings file detected for power@cinnamon.org.  Beginning upgrade of existing settings
info t=2016-07-24T20:17:49.652Z Upgrade complete
info t=2016-07-24T20:17:49.678Z Loaded applet power@cinnamon.org in 37 ms
info t=2016-07-24T20:17:49.698Z Loaded applet systray@cinnamon.org in 18 ms
info t=2016-07-24T20:17:49.735Z Loaded applet calendar@cinnamon.org in 33 ms
info t=2016-07-24T20:17:49.750Z Loaded applet windows-quick-list@cinnamon.org in 14 ms
info t=2016-07-24T20:17:49.751Z AppletManager.init() started in 1465 ms
info t=2016-07-24T20:17:49.753Z Cinnamon took 2241 ms to start
info t=2016-07-24T20:17:50.287Z Hiding indicator (role already handled): nm-applet
info t=2016-07-24T20:17:51.199Z Adding systray: input-method (20x20px)
info t=2016-07-24T20:18:07.512Z Adding systray: mintupdate.py (20x20px)
info t=2016-07-24T20:18:13.407Z Adding systray: mintupdate.py (20x20px)
